2015-05-23 06:47:49.231+0000 INFO  [org.neo4j]: No locking implementation specified, defaulting to 'community'
2015-05-23 06:47:49.305+0000 INFO  [org.neo4j]: --- INITIALIZED diagnostics START ---
2015-05-23 06:47:49.306+0000 INFO  [org.neo4j]: Neo4j Kernel properties:
    neostore.propertystore.db.mapped_memory=110M
    neostore.nodestore.db.mapped_memory=30M
    neostore.relationshipstore.db.mapped_memory=135M
    neostore.propertystore.db.strings.mapped_memory=94M
    store_dir=target/neo4j-hello-db
    neostore.propertystore.db.arrays.mapped_memory=107M
    ephemeral=false
2015-05-23 06:47:49.310+0000 INFO  [org.neo4j]: Diagnostics providers:
    org.neo4j.kernel.configuration.Config
    org.neo4j.kernel.info.DiagnosticsManager
    SYSTEM_MEMORY
    JAVA_MEMORY
    OPERATING_SYSTEM
    JAVA_VIRTUAL_MACHINE
    CLASSPATH
    LIBRARY_PATH
    SYSTEM_PROPERTIES
    NETWORK
2015-05-23 06:47:49.310+0000 INFO  [org.neo4j]: System memory information:
    Total Physical memory: 7.94 GB
    Free Physical memory: 4.09 GB
    Committed virtual memory: 263.80 MB
    Total swap space: 8.97 GB
    Free swap space: 1.69 GB
2015-05-23 06:47:49.312+0000 INFO  [org.neo4j]: JVM memory information:
    Free  memory: 106.24 MB
    Total memory: 122.00 MB
    Max   memory: 1.77 GB
    Garbage Collector: PS Scavenge: [PS Eden Space, PS Survivor Space]
    Garbage Collector: PS MarkSweep: [PS Eden Space, PS Survivor Space, PS Old Gen, PS Perm Gen]
    Memory Pool: Code Cache (Non-heap memory): committed=2.44 MB, used=525.75 kB, max=48.00 MB, threshold=0.00 B
    Memory Pool: PS Eden Space (Heap memory): committed=32.50 MB, used=15.76 MB, max=668.00 MB, threshold=?
    Memory Pool: PS Survivor Space (Heap memory): committed=5.00 MB, used=0.00 B, max=5.00 MB, threshold=?
    Memory Pool: PS Old Gen (Heap memory): committed=84.50 MB, used=0.00 B, max=1.32 GB, threshold=0.00 B
    Memory Pool: PS Perm Gen (Non-heap memory): committed=21.00 MB, used=6.34 MB, max=82.00 MB, threshold=0.00 B
2015-05-23 06:47:49.316+0000 INFO  [org.neo4j]: Operating system information:
    Operating System: Windows 8; version: 6.2; arch: amd64; cpus: 8
    Process id: 40028@PC201410252116
    Byte order: LITTLE_ENDIAN
    Local timezone: Asia/Shanghai
2015-05-23 06:47:49.323+0000 INFO  [org.neo4j]: JVM information:
    VM Name: Java HotSpot(TM) 64-Bit Server VM
    VM Vendor: Oracle Corporation
    VM Version: 24.51-b03
    JIT compiler: HotSpot 64-Bit Tiered Compilers
    VM Arguments: [-Dfile.encoding=GBK]
2015-05-23 06:47:49.324+0000 INFO  [org.neo4j]: Java classpath:
     [classpath] D:\java\java programme\VirtualExpert\lib\parboiled-core-1.1.6.jar
     [loader.0] file:/D:/java/java%20programme/VirtualExpert/lib/neo4j-udc-2.1.4.jar
     [classpath] D:\java\java programme\VirtualExpert\lib\neo4j-cypher-compiler-1.9-2.0.3.jar
     [loader.0] file:/D:/java/java%20programme/VirtualExpert/lib/lucene-core-3.6.2.jar
     [bootstrap] C:\Program Files\Java\jre7\lib\resources.jar
     [classpath] D:\java\java programme\VirtualExpert\lib\neo4j-udc-2.1.4.jar
     [loader.1] file:/C:/Program%20Files/Java/jre7/lib/ext/zipfs.jar
     [classpath] D:\java\java programme\VirtualExpert\lib\geronimo-jta_1.1_spec-1.1.1.jar
     [loader.1] file:/C:/Program%20Files/Java/jre7/lib/ext/jaccess.jar
     [loader.0] file:/D:/java/java%20programme/VirtualExpert/lib/neo4j-cypher-compiler-1.9-2.0.3.jar
     [bootstrap] C:\Program Files\Java\jre7\lib\jsse.jar
     [loader.0] file:/D:/java/java%20programme/VirtualExpert/lib/neo4j-cypher-commons-2.1.4.jar
     [loader.0] file:/D:/java/java%20programme/VirtualExpert/lib/neo4j-cypher-compiler-2.0-2.0.3.jar
     [classpath] D:\java\java programme\VirtualExpert\lib\neo4j-lucene-index-2.1.4.jar
     [loader.0] file:/D:/java/java%20programme/VirtualExpert/lib/neo4j-cypher-2.1.4.jar
     [classpath] D:\java\java programme\VirtualExpert\lib\server-api-2.1.4.jar
     [loader.0] file:/D:/java/java%20programme/VirtualExpert/lib/neo4j-shell-2.1.4.jar
     [loader.0] file:/D:/java/java%20programme/VirtualExpert/lib/commons-logging-1.2.jar
     [classpath] D:\java\java programme\VirtualExpert\lib\commons-logging-1.2.jar
     [loader.0] file:/D:/java/java%20programme/VirtualExpert/lib/scala-library-2.10.4.jar
     [classpath] D:\java\java programme\VirtualExpert\lib\neo4j-primitive-collections-2.1.4.jar
     [classpath] D:\java\java programme\VirtualExpert\lib\concurrentlinkedhashmap-lru-1.3.1.jar
     [loader.0] file:/D:/java/java%20programme/VirtualExpert/lib/neo4j-lucene-index-2.1.4.jar
     [loader.0] file:/D:/java/java%20programme/VirtualExpert/lib/parboiled-scala_2.10-1.1.6.jar
     [loader.0] file:/D:/java/java%20programme/VirtualExpert/lib/parboiled-core-1.1.6.jar
     [classpath] D:\java\java programme\VirtualExpert\lib\neo4j-cypher-compiler-2.0-2.0.3.jar
     [loader.0] file:/D:/java/java%20programme/VirtualExpert/lib/geronimo-jta_1.1_spec-1.1.1.jar
     [bootstrap] C:\Program Files\Java\jre7\lib\jce.jar
     [classpath] D:\java\java programme\VirtualExpert\lib\neo4j-cypher-2.1.4.jar
     [loader.0] file:/D:/java/java%20programme/VirtualExpert/lib/neo4j-graph-algo-2.1.4.jar
     [bootstrap] C:\Program Files\Java\jre7\lib\sunrsasign.jar
     [classpath + loader.0] file:/C:/eclipse/plugins/org.hamcrest.core_1.3.0.v201303031735.jar
     [loader.1] file:/C:/Program%20Files/Java/jre7/lib/ext/dnsns.jar
     [classpath] D:\java\java programme\VirtualExpert\lib\paoding-analysis.jar
     [classpath] D:\java\java programme\VirtualExpert\lib\parboiled-scala_2.10-1.1.6.jar
     [classpath] D:\java\java programme\VirtualExpert\lib\lucene-core-3.6.2.jar
     [loader.0] file:/D:/java/java%20programme/VirtualExpert/lib/org.apache.servicemix.bundles.jline-0.9.94_1.jar
     [classpath] D:\java\java programme\VirtualExpert\lib\neo4j-graph-matching-2.1.4.jar
     [loader.0] file:/D:/java/java%20programme/VirtualExpert/lib/server-api-2.1.4.jar
     [bootstrap] C:\Program Files\Java\jre7\classes
     [loader.0] file:/D:/java/java%20programme/VirtualExpert/lib/neo4j-cypher-compiler-2.1-2.1.4.jar
     [bootstrap] C:\Program Files\Java\jre7\lib\jfr.jar
     [loader.0] file:/D:/java/java%20programme/VirtualExpert/lib/neo4j-jmx-2.1.4.jar
     [loader.1] file:/C:/Program%20Files/Java/jre7/lib/ext/sunmscapi.jar
     [loader.0] file:/D:/java/java%20programme/VirtualExpert/lib/neo4j-primitive-collections-2.1.4.jar
     [classpath] D:\java\java programme\VirtualExpert\lib\neo4j-shell-2.1.4.jar
     [classpath] D:\java\java programme\VirtualExpert\lib\org.apache.servicemix.bundles.jline-0.9.94_1.jar
     [bootstrap] C:\Program Files\Java\jre7\lib\rt.jar
     [loader.1] file:/C:/Program%20Files/Java/jre7/lib/ext/access-bridge-64.jar
     [classpath] D:\java\java programme\VirtualExpert\lib\neo4j-jmx-2.1.4.jar
     [bootstrap] C:\Program Files\Java\jre7\lib\charsets.jar
     [classpath] D:\java\java programme\VirtualExpert\lib\opencsv-2.0.jar
     [classpath] D:\java\java programme\VirtualExpert\lib\neo4j-cypher-compiler-2.1-2.1.4.jar
     [loader.1] file:/C:/Program%20Files/Java/jre7/lib/ext/localedata.jar
     [classpath] D:\java\java programme\VirtualExpert\bin
     [classpath] D:\java\java programme\VirtualExpert\lib\neo4j-cypher-commons-2.1.4.jar
     [loader.1] file:/C:/Program%20Files/Java/jre7/lib/ext/sunjce_provider.jar
     [loader.0] file:/D:/java/java%20programme/VirtualExpert/lib/neo4j-kernel-2.1.4.jar
     [loader.0] file:/D:/java/java%20programme/VirtualExpert/bin/
     [loader.0] file:/D:/java/java%20programme/VirtualExpert/lib/neo4j-graph-matching-2.1.4.jar
     [classpath] D:\java\java programme\VirtualExpert\lib\scala-library-2.10.4.jar
     [classpath] D:\java\java programme\VirtualExpert\lib\neo4j-graph-algo-2.1.4.jar
     [classpath + loader.0] file:/C:/eclipse/plugins/org.junit_4.11.0.v201303080030/junit.jar
     [classpath] D:\java\java programme\VirtualExpert\lib\neo4j-kernel-2.1.4.jar
     [loader.0] file:/D:/java/java%20programme/VirtualExpert/lib/concurrentlinkedhashmap-lru-1.3.1.jar
     [loader.0] file:/D:/java/java%20programme/VirtualExpert/lib/paoding-analysis.jar
     [loader.1] file:/C:/Program%20Files/Java/jre7/lib/ext/sunec.jar
     [loader.0] file:/D:/java/java%20programme/VirtualExpert/lib/opencsv-2.0.jar
2015-05-23 06:47:49.328+0000 INFO  [org.neo4j]: Library path:
    C:\Program Files\Java\jre7\bin
    C:\Windows\Sun\Java\bin
    C:\Windows\System32
    C:\Windows
    C:\Program Files (x86)\Intel\iCLS Client
    C:\Program Files\Intel\iCLS Client
    C:\Windows\System32
    C:\Windows
    C:\Windows\System32\wbem
    C:\Windows\System32\WindowsPowerShell\v1.0
    C:\Program Files\Intel\Intel(R) Management Engine Components\DAL
    C:\Program Files (x86)\Intel\Intel(R) Management Engine Components\DAL
    C:\Program Files\Intel\Intel(R) Management Engine Components\IPT
    C:\Program Files (x86)\Intel\Intel(R) Management Engine Components\IPT
    C:\Program Files (x86)\Microsoft SQL Server\90\Tools\Binn
    C:\Program Files\Java\jdk1.7.0_51\bin
    C:\Program Files\Java\jdk1.7.0_51\jre\bin
    C:\Program Files\nodejs
    C:\Users\Administrator\AppData\Roaming\npm
    D:\java\java programme\VirtualExpert
    D:\java\java programme\VirtualExpert
    D:\java\java programme\VirtualExpert
    D:\java\java programme\VirtualExpert
    D:\java\java programme\VirtualExpert
    D:\java\java programme\VirtualExpert
    D:\java\java programme\VirtualExpert
2015-05-23 06:47:49.331+0000 INFO  [org.neo4j]: System.properties:
    sun.boot.library.path = C:\Program Files\Java\jre7\bin
    path.separator = ;
    file.encoding.pkg = sun.io
    user.country = CN
    user.script = 
    sun.java.launcher = SUN_STANDARD
    sun.os.patch.level = 
    user.dir = D:\java\java programme\VirtualExpert
    user.variant = 
    sun.jnu.encoding = GBK
    sun.management.compiler = HotSpot 64-Bit Tiered Compilers
    user.home = C:\Users\Administrator
    user.timezone = Asia/Shanghai
    file.encoding = GBK
    user.name = Administrator
    sun.java.command = EntityConstruct.testDb
    sun.arch.data.model = 64
    user.language = zh
    awt.toolkit = sun.awt.windows.WToolkit
    file.separator = \
    sun.io.unicode.encoding = UnicodeLittle
    sun.cpu.endian = little
    sun.desktop = windows
    sun.cpu.isalist = amd64
2015-05-23 06:47:49.331+0000 INFO  [org.neo4j]: Network information:
    Interface Software Loopback Interface 1:
        address: 127.0.0.1
        address: 0:0:0:0:0:0:0:1
    Interface Microsoft 内核调试网络适配器:
    Interface Qualcomm Atheros AR8161 PCI-E Gigabit Ethernet Controller (NDIS 6.30):
    Interface Intel(R) Centrino(R) Wireless-N 2230:
    Interface Bluetooth 设备(RFCOMM 协议 TDI):
    Interface Bluetooth 设备(个人区域网):
    Interface WAN 微型端口(SSTP):
    Interface WAN 微型端口(L2TP):
    Interface WAN Miniport (IKEv2):
    Interface WAN 微型端口(PPTP):
    Interface WAN 微型端口(PPPOE):
    Interface WAN 微型端口(IP):
    Interface WAN 微型端口(IPv6):
    Interface WAN 微型端口(网络监视器):
    Interface RAS 同步适配器:
    Interface Intel(R) Ethernet Connection I217-LM:
        address: 223.3.91.133
        address: 2001:da8:1002:6000:0:0:0:2823
        address: fe80:0:0:0:f4aa:5491:b81d:5ea0%16
    Interface WAN 微型端口(SSTP) #2:
    Interface WAN 微型端口(网络监视器) #2:
    Interface WAN 微型端口(L2TP) #2:
    Interface WAN 微型端口(IPv6) #2:
    Interface WAN 微型端口(PPPOE) #2:
    Interface WAN 微型端口(IP) #2:
    Interface WAN 微型端口(PPTP) #2:
    Interface WAN Miniport (IKEv2) #2:
    Interface RAS 同步适配器 #2:
    Interface Intel(R) Ethernet Connection I217-LM-WFP Native MAC Layer LightWeight Filter-0000:
    Interface Intel(R) Ethernet Connection I217-LM-QoS Packet Scheduler-0000:
    Interface Intel(R) Ethernet Connection I217-LM-WFP 802.3 MAC Layer LightWeight Filter-0000:
    Interface WAN 微型端口(SSTP) #3:
    Interface WAN 微型端口(IP) #3:
    Interface WAN 微型端口(IP) #3-WFP Native MAC Layer LightWeight Filter-0000:
    Interface WAN 微型端口(IP) #3-QoS Packet Scheduler-0000:
    Interface WAN 微型端口(L2TP) #3:
    Interface WAN 微型端口(PPPOE) #3:
    Interface WAN Miniport (IKEv2) #3:
    Interface WAN 微型端口(网络监视器) #3:
    Interface WAN 微型端口(网络监视器) #3-WFP Native MAC Layer LightWeight Filter-0000:
    Interface WAN 微型端口(网络监视器) #3-QoS Packet Scheduler-0000:
    Interface WAN 微型端口(PPTP) #3:
    Interface WAN 微型端口(IPv6) #3:
    Interface WAN 微型端口(IPv6) #3-WFP Native MAC Layer LightWeight Filter-0000:
    Interface WAN 微型端口(IPv6) #3-QoS Packet Scheduler-0000:
    Interface RAS 同步适配器 #3:
2015-05-23 06:47:49.377+0000 INFO  [org.neo4j]: --- INITIALIZED diagnostics END ---
2015-05-23 06:47:49.480+0000 INFO  [org.neo4j]: Creating new db @ target\neo4j-hello-db\neostore
2015-05-23 06:47:52.018+0000 INFO  [org.neo4j]: [target\neo4j-hello-db\neostore.relationshiptypestore.db.names] brickCount=0 brickSize=0b mappedMem=0b (storeSize=38b)
2015-05-23 06:47:52.019+0000 INFO  [org.neo4j]: [target\neo4j-hello-db\neostore.relationshiptypestore.db] brickCount=0 brickSize=0b mappedMem=0b (storeSize=0b)
2015-05-23 06:47:52.048+0000 INFO  [org.neo4j]: target\neo4j-hello-db\neostore.relationshiptypestore.db.names hit=0 miss=0 switches=0 ooe=0
2015-05-23 06:47:52.206+0000 INFO  [org.neo4j]: target\neo4j-hello-db\neostore.relationshiptypestore.db hit=0 miss=0 switches=0 ooe=0
2015-05-23 06:47:52.796+0000 INFO  [org.neo4j]: [target\neo4j-hello-db\neostore.labeltokenstore.db.names] brickCount=0 brickSize=0b mappedMem=0b (storeSize=38b)
2015-05-23 06:47:52.797+0000 INFO  [org.neo4j]: [target\neo4j-hello-db\neostore.labeltokenstore.db] brickCount=0 brickSize=0b mappedMem=0b (storeSize=0b)
2015-05-23 06:47:52.830+0000 INFO  [org.neo4j]: target\neo4j-hello-db\neostore.labeltokenstore.db.names hit=0 miss=0 switches=0 ooe=0
2015-05-23 06:47:52.997+0000 INFO  [org.neo4j]: target\neo4j-hello-db\neostore.labeltokenstore.db hit=0 miss=0 switches=0 ooe=0
2015-05-23 06:47:53.654+0000 INFO  [org.neo4j]: [target\neo4j-hello-db\neostore.relationshiptypestore.db.names] brickCount=0 brickSize=0b mappedMem=0b (storeSize=38b)
2015-05-23 06:47:53.655+0000 INFO  [org.neo4j]: [target\neo4j-hello-db\neostore.relationshiptypestore.db] brickCount=0 brickSize=0b mappedMem=0b (storeSize=0b)
2015-05-23 06:47:53.655+0000 INFO  [org.neo4j]: [target\neo4j-hello-db\neostore.labeltokenstore.db.names] brickCount=0 brickSize=0b mappedMem=0b (storeSize=38b)
2015-05-23 06:47:53.656+0000 INFO  [org.neo4j]: [target\neo4j-hello-db\neostore.labeltokenstore.db] brickCount=0 brickSize=0b mappedMem=0b (storeSize=0b)
2015-05-23 06:47:53.656+0000 INFO  [org.neo4j]: [target\neo4j-hello-db\neostore.propertystore.db.strings] brickCount=0 brickSize=98560b mappedMem=98566144b (storeSize=128b)
2015-05-23 06:47:53.657+0000 INFO  [org.neo4j]: [target\neo4j-hello-db\neostore.propertystore.db.index.keys] brickCount=0 brickSize=0b mappedMem=0b (storeSize=38b)
2015-05-23 06:47:53.657+0000 INFO  [org.neo4j]: [target\neo4j-hello-db\neostore.propertystore.db.index] brickCount=0 brickSize=0b mappedMem=0b (storeSize=0b)
2015-05-23 06:47:53.658+0000 INFO  [org.neo4j]: [target\neo4j-hello-db\neostore.propertystore.db.arrays] brickCount=0 brickSize=112128b mappedMem=112197632b (storeSize=128b)
2015-05-23 06:47:53.660+0000 INFO  [org.neo4j]: [target\neo4j-hello-db\neostore.propertystore.db] brickCount=0 brickSize=1153412b mappedMem=115343360b (storeSize=0b)
2015-05-23 06:47:53.662+0000 INFO  [org.neo4j]: [target\neo4j-hello-db\neostore.relationshipstore.db] brickCount=0 brickSize=1415556b mappedMem=141557760b (storeSize=0b)
2015-05-23 06:47:53.662+0000 INFO  [org.neo4j]: [target\neo4j-hello-db\neostore.nodestore.db.labels] brickCount=0 brickSize=0b mappedMem=0b (storeSize=68b)
2015-05-23 06:47:53.664+0000 INFO  [org.neo4j]: [target\neo4j-hello-db\neostore.nodestore.db] brickCount=0 brickSize=314565b mappedMem=31457280b (storeSize=0b)
2015-05-23 06:47:53.664+0000 INFO  [org.neo4j]: [target\neo4j-hello-db\neostore.schemastore.db] brickCount=0 brickSize=0b mappedMem=0b (storeSize=64b)
2015-05-23 06:47:53.665+0000 INFO  [org.neo4j]: [target\neo4j-hello-db\neostore.relationshipgroupstore.db] brickCount=0 brickSize=0b mappedMem=0b (storeSize=25b)
2015-05-23 06:47:53.666+0000 INFO  [org.neo4j]: [target\neo4j-hello-db\neostore] brickCount=0 brickSize=0b mappedMem=0b (storeSize=0b)
2015-05-23 06:47:53.723+0000 INFO  [org.neo4j]: target\neo4j-hello-db\neostore.relationshiptypestore.db.names hit=0 miss=0 switches=0 ooe=0
2015-05-23 06:47:53.881+0000 INFO  [org.neo4j]: target\neo4j-hello-db\neostore.relationshiptypestore.db hit=0 miss=0 switches=0 ooe=0
2015-05-23 06:47:54.055+0000 INFO  [org.neo4j]: target\neo4j-hello-db\neostore.labeltokenstore.db.names hit=0 miss=0 switches=0 ooe=0
2015-05-23 06:47:54.214+0000 INFO  [org.neo4j]: target\neo4j-hello-db\neostore.labeltokenstore.db hit=0 miss=0 switches=0 ooe=0
2015-05-23 06:47:54.497+0000 INFO  [org.neo4j]: target\neo4j-hello-db\neostore.propertystore.db.strings hit=0 miss=0 switches=0 ooe=0
2015-05-23 06:47:54.705+0000 INFO  [org.neo4j]: target\neo4j-hello-db\neostore.propertystore.db.index.keys hit=0 miss=0 switches=0 ooe=0
2015-05-23 06:47:54.872+0000 INFO  [org.neo4j]: target\neo4j-hello-db\neostore.propertystore.db.index hit=0 miss=0 switches=0 ooe=0
2015-05-23 06:47:55.031+0000 INFO  [org.neo4j]: target\neo4j-hello-db\neostore.propertystore.db.arrays hit=0 miss=0 switches=0 ooe=0
2015-05-23 06:47:55.222+0000 INFO  [org.neo4j]: target\neo4j-hello-db\neostore.propertystore.db hit=0 miss=0 switches=0 ooe=0
2015-05-23 06:47:55.381+0000 INFO  [org.neo4j]: target\neo4j-hello-db\neostore.relationshipstore.db hit=0 miss=0 switches=0 ooe=0
2015-05-23 06:47:55.581+0000 INFO  [org.neo4j]: target\neo4j-hello-db\neostore.nodestore.db.labels hit=0 miss=0 switches=0 ooe=0
2015-05-23 06:47:55.739+0000 INFO  [org.neo4j]: target\neo4j-hello-db\neostore.nodestore.db hit=0 miss=0 switches=0 ooe=0
2015-05-23 06:47:56.197+0000 INFO  [org.neo4j]: target\neo4j-hello-db\neostore.schemastore.db hit=0 miss=0 switches=0 ooe=0
2015-05-23 06:47:56.356+0000 INFO  [org.neo4j]: target\neo4j-hello-db\neostore.relationshipgroupstore.db hit=0 miss=0 switches=0 ooe=0
2015-05-23 06:47:56.579+0000 INFO  [org.neo4j]: target\neo4j-hello-db\neostore hit=0 miss=10 switches=0 ooe=0
2015-05-23 06:47:56.772+0000 INFO  [org.neo4j]: [target\neo4j-hello-db\neostore.relationshiptypestore.db.names] brickCount=0 brickSize=0b mappedMem=0b (storeSize=38b)
2015-05-23 06:47:56.773+0000 INFO  [org.neo4j]: [target\neo4j-hello-db\neostore.relationshiptypestore.db] brickCount=0 brickSize=0b mappedMem=0b (storeSize=0b)
2015-05-23 06:47:56.774+0000 INFO  [org.neo4j]: [target\neo4j-hello-db\neostore.labeltokenstore.db.names] brickCount=0 brickSize=0b mappedMem=0b (storeSize=38b)
2015-05-23 06:47:56.775+0000 INFO  [org.neo4j]: [target\neo4j-hello-db\neostore.labeltokenstore.db] brickCount=0 brickSize=0b mappedMem=0b (storeSize=0b)
2015-05-23 06:47:56.776+0000 INFO  [org.neo4j]: [target\neo4j-hello-db\neostore.propertystore.db.strings] brickCount=0 brickSize=98560b mappedMem=98566144b (storeSize=128b)
2015-05-23 06:47:56.777+0000 INFO  [org.neo4j]: [target\neo4j-hello-db\neostore.propertystore.db.index.keys] brickCount=0 brickSize=0b mappedMem=0b (storeSize=38b)
2015-05-23 06:47:56.778+0000 INFO  [org.neo4j]: [target\neo4j-hello-db\neostore.propertystore.db.index] brickCount=0 brickSize=0b mappedMem=0b (storeSize=0b)
2015-05-23 06:47:56.779+0000 INFO  [org.neo4j]: [target\neo4j-hello-db\neostore.propertystore.db.arrays] brickCount=0 brickSize=112128b mappedMem=112197632b (storeSize=128b)
2015-05-23 06:47:56.780+0000 INFO  [org.neo4j]: [target\neo4j-hello-db\neostore.propertystore.db] brickCount=0 brickSize=1153412b mappedMem=115343360b (storeSize=0b)
2015-05-23 06:47:56.781+0000 INFO  [org.neo4j]: [target\neo4j-hello-db\neostore.relationshipstore.db] brickCount=0 brickSize=1415556b mappedMem=141557760b (storeSize=0b)
2015-05-23 06:47:56.782+0000 INFO  [org.neo4j]: [target\neo4j-hello-db\neostore.nodestore.db.labels] brickCount=0 brickSize=0b mappedMem=0b (storeSize=68b)
2015-05-23 06:47:56.783+0000 INFO  [org.neo4j]: [target\neo4j-hello-db\neostore.nodestore.db] brickCount=0 brickSize=314565b mappedMem=31457280b (storeSize=0b)
2015-05-23 06:47:56.784+0000 INFO  [org.neo4j]: [target\neo4j-hello-db\neostore.schemastore.db] brickCount=0 brickSize=0b mappedMem=0b (storeSize=64b)
2015-05-23 06:47:56.785+0000 INFO  [org.neo4j]: [target\neo4j-hello-db\neostore.relationshipgroupstore.db] brickCount=0 brickSize=0b mappedMem=0b (storeSize=25b)
2015-05-23 06:47:56.786+0000 INFO  [org.neo4j]: [target\neo4j-hello-db\neostore] brickCount=0 brickSize=0b mappedMem=0b (storeSize=81b)
2015-05-23 06:47:56.868+0000 INFO  [org.neo4j]: No lucene scan store index found, this might just be first use. Preparing to rebuild.
2015-05-23 06:47:56.884+0000 INFO  [org.neo4j]: No lucene scan store index found, this might just be first use. Preparing to rebuild.
2015-05-23 06:47:56.943+0000 INFO  [org.neo4j]: Opened logical log [target\neo4j-hello-db\nioneo_logical.log.1] version=0, lastTxId=1 (clean)
2015-05-23 06:47:57.064+0000 INFO  [org.neo4j]: Rebuilding lucene scan store, this may take a while
2015-05-23 06:47:57.065+0000 INFO  [org.neo4j]: Lucene scan store rebuilt (roughly -1 nodes)
2015-05-23 06:47:57.067+0000 INFO  [org.neo4j]: TM new log: tm_tx_log.1
2015-05-23 06:47:57.124+0000 INFO  [org.neo4j]: Kernel health set to OK
2015-05-23 06:47:57.133+0000 INFO  [org.neo4j]: Opened logical log [target\neo4j-hello-db\index\lucene.log.1] version=0, lastTxId=1 (clean)
2015-05-23 06:47:57.200+0000 INFO  [org.neo4j]: --- STARTED diagnostics for KernelDiagnostics:Versions START ---
2015-05-23 06:47:57.200+0000 INFO  [org.neo4j]: Graph Database: org.neo4j.kernel.EmbeddedGraphDatabase StoreId{creationTime=1432363669486, randomId=-5148429094904781782, storeVersion=14406081294923270, upgradeTime=1432363669486, upgradeId=-5148429094904781782}
2015-05-23 06:47:57.200+0000 INFO  [org.neo4j]: Kernel version: Neo4j - Graph Database Kernel (neo4j-kernel), version: 2.1.4
2015-05-23 06:47:57.201+0000 INFO  [org.neo4j]: Neo4j component versions:
2015-05-23 06:47:57.218+0000 INFO  [org.neo4j]:   Neo4j - Lucene Index (neo4j-lucene-index), version: 2.1.4; revision: 2.1.4:2.1-maint:472/9e3b31ae01b01caaaa433d8843b81d7c355e8f69
2015-05-23 06:47:57.218+0000 INFO  [org.neo4j]:   Neo4j - JMX support (neo4j-jmx), version: 2.1.4; revision: 2.1.4:2.1-maint:472/9e3b31ae01b01caaaa433d8843b81d7c355e8f69
2015-05-23 06:47:57.218+0000 INFO  [org.neo4j]:   Neo4j - Graph Matching (neo4j-graph-matching), version: 2.1.4; revision: 2.1.4:2.1-maint:472/9e3b31ae01b01caaaa433d8843b81d7c355e8f69
2015-05-23 06:47:57.218+0000 INFO  [org.neo4j]:   Neo4j Server API (server-api), version: 2.1.4; revision: 2.1.4:2.1-maint:472/9e3b31ae01b01caaaa433d8843b81d7c355e8f69
2015-05-23 06:47:57.218+0000 INFO  [org.neo4j]:   Neo4j - Graph Database Kernel (neo4j-kernel), version: 2.1.4; revision: 2.1.4:2.1-maint:472/9e3b31ae01b01caaaa433d8843b81d7c355e8f69
2015-05-23 06:47:57.218+0000 INFO  [org.neo4j]:   Neo4j - Cypher (neo4j-cypher), version: 2.1.4; revision: 2.1.4:2.1-maint:472/9e3b31ae01b01caaaa433d8843b81d7c355e8f69
2015-05-23 06:47:57.218+0000 INFO  [org.neo4j]:   Neo4j - Graph Algorithms (neo4j-graph-algo), version: 2.1.4; revision: 2.1.4:2.1-maint:472/9e3b31ae01b01caaaa433d8843b81d7c355e8f69
2015-05-23 06:47:57.218+0000 INFO  [org.neo4j]:   Neo4j - Cypher Compiler 2.0 (neo4j-cypher-compiler-2.0), version: 2.0.3; revision: 2.0.3:2.0-maint:72/307c563c11b75fdc71cfa6df05daf9b08d6c37dc
2015-05-23 06:47:57.219+0000 INFO  [org.neo4j]:   Neo4j - Generic shell (neo4j-shell), version: 2.1.4; revision: 2.1.4:2.1-maint:472/9e3b31ae01b01caaaa433d8843b81d7c355e8f69
2015-05-23 06:47:57.219+0000 INFO  [org.neo4j]:   Neo4j - Cypher Compiler 1.9 (neo4j-cypher-compiler-1.9), version: 2.0.3; revision: 2.0.3:2.0-maint:72/307c563c11b75fdc71cfa6df05daf9b08d6c37dc
2015-05-23 06:47:57.219+0000 INFO  [org.neo4j]:   neo4j-udc, version: 2.1.4; revision: 2.1.4:2.1-maint:472/9e3b31ae01b01caaaa433d8843b81d7c355e8f69
2015-05-23 06:47:57.219+0000 INFO  [org.neo4j]:   Neo4j - Cypher Commons (neo4j-cypher-commons), version: 2.1.4; revision: 2.1.4:2.1-maint:472/9e3b31ae01b01caaaa433d8843b81d7c355e8f69
2015-05-23 06:47:57.219+0000 INFO  [org.neo4j]: --- STARTED diagnostics for KernelDiagnostics:Versions END ---
2015-05-23 06:47:57.223+0000 INFO  [org.neo4j]: --- STARTED diagnostics for NEO_STORE_VERSIONS START ---
2015-05-23 06:47:57.224+0000 INFO  [org.neo4j]: Store versions:
    Store versions:
      NeoStore v0.A.3
      SchemaStore v0.A.3
      NodeStore v0.A.3
      RelationshipStore v0.A.3
      RelationshipTypeStore v0.A.3
      LabelTokenStore v0.A.3
      PropertyStore v0.A.3
      PropertyIndexStore v0.A.3
      StringPropertyStore v0.A.3
      ArrayPropertyStore v0.A.3
      RelationshipGroupStore v0.A.3
2015-05-23 06:47:57.224+0000 INFO  [org.neo4j]: --- STARTED diagnostics for NEO_STORE_VERSIONS END ---
2015-05-23 06:47:57.224+0000 INFO  [org.neo4j]: --- STARTED diagnostics for NEO_STORE_ID_USAGE START ---
2015-05-23 06:47:57.224+0000 INFO  [org.neo4j]: Id usage:
    Id usage:
      SchemaStore: used=1 high=0
      NodeStore: used=0 high=-1
      RelationshipStore: used=0 high=-1
      RelationshipTypeStore: used=0 high=-1
      LabelTokenStore: used=0 high=-1
      PropertyStore: used=0 high=-1
      PropertyIndexStore: used=0 high=-1
      StringPropertyStore: used=1 high=0
      ArrayPropertyStore: used=1 high=0
      RelationshipGroupStore: used=1 high=0
2015-05-23 06:47:57.226+0000 INFO  [org.neo4j]: --- STARTED diagnostics for NEO_STORE_ID_USAGE END ---
2015-05-23 06:47:57.226+0000 INFO  [org.neo4j]: --- STARTED diagnostics for PERSISTENCE_WINDOW_POOL_STATS START ---
2015-05-23 06:47:57.227+0000 INFO  [org.neo4j]: --- STARTED diagnostics for PERSISTENCE_WINDOW_POOL_STATS END ---
2015-05-23 06:47:57.227+0000 INFO  [org.neo4j]: --- STARTED diagnostics for KernelDiagnostics:StoreFiles START ---
2015-05-23 06:47:57.229+0000 INFO  [org.neo4j]: Disk space on partition (Total / Free / Free %): 280259932160 / 255343407104 / 91
Storage files: (filename : modification date - size)
      active_tx_log: 2015-05-23T14:47:57+0800 - 11.00 B
      index:
        lucene-store.db: 2015-05-23T14:47:57+0800 - 40.00 B
        lucene.log.1: 2015-05-23T14:47:57+0800 - 16.00 B
        lucene.log.active: 2015-05-23T14:47:57+0800 - 4.00 B
      - Total: 2015-05-23T14:47:57+0800 - 60.00 B
      lock: 2015-05-23T14:47:49+0800 - 0.00 B
      messages.log: 2015-05-23T14:47:49+0800 - 25.47 kB
      neostore: 2015-05-23T14:47:56+0800 - 81.00 B
      neostore.id: 2015-05-23T14:47:56+0800 - 9.00 B
      neostore.labeltokenstore.db: 2015-05-23T14:47:56+0800 - 0.00 B
      neostore.labeltokenstore.db.id: 2015-05-23T14:47:54+0800 - 9.00 B
      neostore.labeltokenstore.db.names: 2015-05-23T14:47:56+0800 - 38.00 B
      neostore.labeltokenstore.db.names.id: 2015-05-23T14:47:54+0800 - 9.00 B
      neostore.nodestore.db: 2015-05-23T14:47:56+0800 - 0.00 B
      neostore.nodestore.db.id: 2015-05-23T14:47:55+0800 - 9.00 B
      neostore.nodestore.db.labels: 2015-05-23T14:47:56+0800 - 68.00 B
      neostore.nodestore.db.labels.id: 2015-05-23T14:47:55+0800 - 9.00 B
      neostore.propertystore.db: 2015-05-23T14:47:56+0800 - 0.00 B
      neostore.propertystore.db.arrays: 2015-05-23T14:47:56+0800 - 128.00 B
      neostore.propertystore.db.arrays.id: 2015-05-23T14:47:55+0800 - 9.00 B
      neostore.propertystore.db.id: 2015-05-23T14:47:55+0800 - 9.00 B
      neostore.propertystore.db.index: 2015-05-23T14:47:56+0800 - 0.00 B
      neostore.propertystore.db.index.id: 2015-05-23T14:47:54+0800 - 9.00 B
      neostore.propertystore.db.index.keys: 2015-05-23T14:47:56+0800 - 38.00 B
      neostore.propertystore.db.index.keys.id: 2015-05-23T14:47:54+0800 - 9.00 B
      neostore.propertystore.db.strings: 2015-05-23T14:47:56+0800 - 128.00 B
      neostore.propertystore.db.strings.id: 2015-05-23T14:47:54+0800 - 9.00 B
      neostore.relationshipgroupstore.db: 2015-05-23T14:47:56+0800 - 25.00 B
      neostore.relationshipgroupstore.db.id: 2015-05-23T14:47:56+0800 - 9.00 B
      neostore.relationshipstore.db: 2015-05-23T14:47:56+0800 - 0.00 B
      neostore.relationshipstore.db.id: 2015-05-23T14:47:55+0800 - 9.00 B
      neostore.relationshiptypestore.db: 2015-05-23T14:47:56+0800 - 0.00 B
      neostore.relationshiptypestore.db.id: 2015-05-23T14:47:53+0800 - 9.00 B
      neostore.relationshiptypestore.db.names: 2015-05-23T14:47:56+0800 - 38.00 B
      neostore.relationshiptypestore.db.names.id: 2015-05-23T14:47:53+0800 - 9.00 B
      neostore.schemastore.db: 2015-05-23T14:47:56+0800 - 64.00 B
      neostore.schemastore.db.id: 2015-05-23T14:47:56+0800 - 9.00 B
      nioneo_logical.log.1: 2015-05-23T14:47:56+0800 - 16.00 B
      nioneo_logical.log.active: 2015-05-23T14:47:56+0800 - 4.00 B
      schema:
        label:
          lucene:
            write.lock: 2015-05-23T14:47:56+0800 - 0.00 B
          - Total: 2015-05-23T14:47:56+0800 - 0.00 B
        - Total: 2015-05-23T14:47:56+0800 - 0.00 B
      - Total: 2015-05-23T14:47:56+0800 - 0.00 B
      store_lock: 2015-05-23T14:47:49+0800 - 0.00 B
      tm_tx_log.1: 2015-05-23T14:47:57+0800 - 0.00 B
2015-05-23 06:47:57.242+0000 INFO  [org.neo4j]: --- STARTED diagnostics for KernelDiagnostics:StoreFiles END ---
2015-05-23 06:47:57.274+0000 INFO  [org.neo4j]: GC Monitor started. 
2015-05-23 06:47:57.274+0000 INFO  [org.neo4j]: Database is now ready
2015-05-23 06:47:57.488+0000 INFO  [org.neo4j]: Shutdown started
2015-05-23 06:47:57.489+0000 INFO  [org.neo4j]: Database is now unavailable
2015-05-23 06:47:57.490+0000 INFO  [org.neo4j]: GC Monitor stopped. 
2015-05-23 06:47:57.723+0000 INFO  [org.neo4j]: Closed log target\neo4j-hello-db\index\lucene.log
2015-05-23 06:47:57.778+0000 INFO  [org.neo4j]: TM shutting down
2015-05-23 06:47:58.685+0000 INFO  [org.neo4j]: Closed log target\neo4j-hello-db\nioneo_logical.log
2015-05-23 06:47:58.837+0000 INFO  [org.neo4j]: target\neo4j-hello-db\neostore.relationshiptypestore.db.names hit=0 miss=1 switches=0 ooe=0
2015-05-23 06:47:58.988+0000 INFO  [org.neo4j]: target\neo4j-hello-db\neostore.relationshiptypestore.db hit=0 miss=1 switches=0 ooe=0
2015-05-23 06:47:59.155+0000 INFO  [org.neo4j]: target\neo4j-hello-db\neostore.labeltokenstore.db.names hit=0 miss=0 switches=0 ooe=0
2015-05-23 06:47:59.338+0000 INFO  [org.neo4j]: target\neo4j-hello-db\neostore.labeltokenstore.db hit=0 miss=0 switches=0 ooe=0
2015-05-23 06:47:59.522+0000 INFO  [org.neo4j]: target\neo4j-hello-db\neostore.propertystore.db.strings hit=0 miss=0 switches=0 ooe=0
2015-05-23 06:47:59.680+0000 INFO  [org.neo4j]: target\neo4j-hello-db\neostore.propertystore.db.index.keys hit=0 miss=1 switches=0 ooe=0
2015-05-23 06:47:59.889+0000 INFO  [org.neo4j]: target\neo4j-hello-db\neostore.propertystore.db.index hit=0 miss=1 switches=0 ooe=0
2015-05-23 06:48:00.046+0000 INFO  [org.neo4j]: target\neo4j-hello-db\neostore.propertystore.db.arrays hit=0 miss=0 switches=0 ooe=0
2015-05-23 06:48:00.230+0000 INFO  [org.neo4j]: target\neo4j-hello-db\neostore.propertystore.db hit=9 miss=0 switches=0 ooe=0
2015-05-23 06:48:00.428+0000 INFO  [org.neo4j]: target\neo4j-hello-db\neostore.relationshipstore.db hit=3 miss=0 switches=0 ooe=0
2015-05-23 06:48:00.613+0000 INFO  [org.neo4j]: target\neo4j-hello-db\neostore.nodestore.db.labels hit=0 miss=0 switches=0 ooe=0
2015-05-23 06:48:00.971+0000 INFO  [org.neo4j]: target\neo4j-hello-db\neostore.nodestore.db hit=8 miss=0 switches=0 ooe=0
2015-05-23 06:48:01.345+0000 INFO  [org.neo4j]: target\neo4j-hello-db\neostore.schemastore.db hit=0 miss=0 switches=0 ooe=0
2015-05-23 06:48:01.497+0000 INFO  [org.neo4j]: target\neo4j-hello-db\neostore.relationshipgroupstore.db hit=0 miss=0 switches=0 ooe=0
2015-05-23 06:48:01.655+0000 INFO  [org.neo4j]: target\neo4j-hello-db\neostore hit=0 miss=25 switches=0 ooe=0
2015-05-23 06:48:01.896+0000 INFO  [org.neo4j]: NeoStore closed
2015-05-23 06:48:01.896+0000 INFO  [org.neo4j]: --- STOPPING diagnostics START ---
2015-05-23 06:48:01.896+0000 INFO  [org.neo4j]: --- STOPPING diagnostics END ---
